<?xml version="1.0" encoding="UTF-8"?>
<!-- Generated by org.testng.reporters.JUnitReportReporter -->
<testsuite hostname="DESKTOP-1VMS04J" failures="0" tests="5" name="com.restfulbooker.restapi.tests.PostRequestTests" time="7.475" errors="0" timestamp="2024-08-05T09:27:07 IST" skipped="0">
  <testcase classname="com.restfulbooker.restapi.tests.PostRequestTests" name="postRequestWithMultiplData" time="1.422"/>
  <testcase classname="com.restfulbooker.restapi.tests.PostRequestTests" name="createBookingWithExternalFile" time="1.557"/>
  <testcase classname="com.restfulbooker.restapi.tests.PostRequestTests" name="postRequestWithMultiplData" time="1.390"/>
  <testcase classname="com.restfulbooker.restapi.tests.PostRequestTests" name="postRequestWithMultiplData" time="1.373"/>
  <testcase classname="com.restfulbooker.restapi.tests.PostRequestTests" name="createBookingTest" time="1.733"/>
</testsuite> <!-- com.restfulbooker.restapi.tests.PostRequestTests -->
