<?xml version="1.0" encoding="UTF-8"?>
<!-- Generated by org.testng.reporters.JUnitReportReporter -->
<testsuite hostname="DESKTOP-1VMS04J" failures="0" tests="2" name="com.restfulbooker.restapi.tests.GetRequestTests" time="8.743" errors="0" timestamp="2024-08-05T09:27:07 IST" skipped="0">
  <testcase classname="com.restfulbooker.restapi.tests.GetRequestTests" name="getBookingDetail" time="6.916"/>
  <testcase classname="com.restfulbooker.restapi.tests.GetRequestTests" name="getBookingsDetail" time="1.827"/>
</testsuite> <!-- com.restfulbooker.restapi.tests.GetRequestTests -->
