<?xml version="1.0" encoding="UTF-8"?>
<!-- Generated by org.testng.reporters.JUnitReportReporter -->
<testsuite hostname="DESKTOP-1VMS04J" failures="0" tests="1" name="com.restfulbooker.restapi.tests.PatchRequestTest" time="2.153" errors="0" timestamp="2024-08-05T10:12:47 IST" skipped="0">
  <testcase classname="com.restfulbooker.restapi.tests.PatchRequestTest" name="partialUpdateBookingDetail" time="2.153"/>
</testsuite> <!-- com.restfulbooker.restapi.tests.PatchRequestTest -->
