<?xml version="1.0" encoding="UTF-8"?>
<!-- Generated by org.testng.reporters.JUnitReportReporter -->
<testsuite hostname="DESKTOP-1VMS04J" failures="0" tests="2" name="com.restfulbooker.restapi.tests.GetRequestTests" time="6.419" errors="0" timestamp="2024-08-05T10:12:47 IST" skipped="0">
  <testcase classname="com.restfulbooker.restapi.tests.GetRequestTests" name="getBookingsDetail" time="1.025"/>
  <testcase classname="com.restfulbooker.restapi.tests.GetRequestTests" name="getBookingDetail" time="5.394"/>
</testsuite> <!-- com.restfulbooker.restapi.tests.GetRequestTests -->
