<?xml version="1.0" encoding="UTF-8"?>
<!-- Generated by org.testng.reporters.JUnitReportReporter -->
<testsuite hostname="DESKTOP-1VMS04J" failures="0" tests="5" name="com.restfulbooker.restapi.tests.PostRequestTests" time="5.465" errors="0" timestamp="2024-08-05T10:12:47 IST" skipped="0">
  <testcase classname="com.restfulbooker.restapi.tests.PostRequestTests" name="postRequestWithMultiplData" time="1.079"/>
  <testcase classname="com.restfulbooker.restapi.tests.PostRequestTests" name="createBookingTest" time="1.334"/>
  <testcase classname="com.restfulbooker.restapi.tests.PostRequestTests" name="postRequestWithMultiplData" time="1.006"/>
  <testcase classname="com.restfulbooker.restapi.tests.PostRequestTests" name="createBookingWithExternalFile" time="1.007"/>
  <testcase classname="com.restfulbooker.restapi.tests.PostRequestTests" name="postRequestWithMultiplData" time="1.039"/>
</testsuite> <!-- com.restfulbooker.restapi.tests.PostRequestTests -->
